{"level":"info","message":"Server running on port 5000","timestamp":"2025-02-07T04:00:30.571Z"}
{"level":"info","message":"Successfully connected to database","timestamp":"2025-02-07T04:00:30.601Z"}
{"level":"info","message":"Server running on port 5000","timestamp":"2025-02-07T04:01:18.440Z"}
{"level":"info","message":"Successfully connected to database","timestamp":"2025-02-07T04:01:18.478Z"}
{"level":"info","message":"Server running on port 5000","timestamp":"2025-02-07T04:03:26.922Z"}
{"level":"info","message":"Successfully connected to database","timestamp":"2025-02-07T04:03:26.958Z"}
{"level":"info","message":"Successfully connected to database","timestamp":"2025-02-07T04:04:56.643Z"}
{"level":"info","message":"Successfully connected to database","timestamp":"2025-02-07T04:05:04.427Z"}
{"level":"info","message":"Successfully connected to database","timestamp":"2025-02-07T04:05:04.433Z"}
{"level":"info","message":"Successfully connected to database","timestamp":"2025-02-07T04:05:08.372Z"}
{"level":"info","message":"Successfully connected to database","timestamp":"2025-02-07T04:05:08.446Z"}
{"level":"info","message":"Successfully connected to database","timestamp":"2025-02-07T04:05:18.094Z"}
{"level":"info","message":"Successfully connected to database","timestamp":"2025-02-07T04:05:18.139Z"}
{"level":"info","message":"Successfully connected to database","timestamp":"2025-02-07T04:05:22.006Z"}
{"level":"info","message":"Successfully connected to database","timestamp":"2025-02-07T04:05:22.015Z"}
{"level":"info","message":"Successfully connected to database","timestamp":"2025-02-07T04:05:31.329Z"}
{"level":"info","message":"Successfully connected to database","timestamp":"2025-02-07T04:05:31.336Z"}
{"level":"info","message":"Successfully connected to database","timestamp":"2025-02-07T04:16:10.550Z"}
{"level":"info","message":"Successfully connected to database","timestamp":"2025-02-07T04:16:10.706Z"}
{"level":"info","message":"Successfully connected to database","timestamp":"2025-02-07T04:16:56.846Z"}
{"level":"info","message":"Successfully connected to database","timestamp":"2025-02-07T04:16:56.966Z"}
{"level":"info","message":"Successfully connected to database","timestamp":"2025-02-07T04:17:28.912Z"}
{"level":"info","message":"Successfully connected to database","timestamp":"2025-02-07T04:17:29.058Z"}
{"level":"info","message":"Successfully connected to database","timestamp":"2025-02-07T04:17:42.951Z"}
{"level":"info","message":"Successfully connected to database","timestamp":"2025-02-07T04:17:42.966Z"}
{"level":"info","message":"Successfully connected to database","timestamp":"2025-02-07T04:18:16.990Z"}
{"level":"info","message":"Successfully connected to database","timestamp":"2025-02-07T04:18:17.033Z"}
{"level":"info","message":"Server running on port 5000","timestamp":"2025-02-07T04:19:26.703Z"}
{"level":"info","message":"Successfully connected to database","timestamp":"2025-02-07T04:19:26.748Z"}
{"level":"info","message":"Successfully connected to database","timestamp":"2025-02-07T04:19:52.393Z"}
{"level":"info","message":"Successfully connected to database","timestamp":"2025-02-07T04:19:52.612Z"}
{"level":"info","message":"Successfully connected to database","timestamp":"2025-02-07T04:19:54.894Z"}
{"level":"info","message":"Successfully connected to database","timestamp":"2025-02-07T04:20:07.363Z"}
{"fileName":"test_departments(Sheet1) (1).csv","level":"info","mappings":{"Age":"Age","Email":"Email","StudentName":"StudentName"},"message":"Starting migration 1738902017624","tableName":"Students","timestamp":"2025-02-07T04:20:17.625Z"}
{"level":"info","message":"Successfully connected to database","timestamp":"2025-02-07T04:20:17.626Z"}
{"level":"info","message":"Migration progress: 2/2 records processed","timestamp":"2025-02-07T04:20:17.655Z"}
{"endTime":"2025-02-07T04:20:17.658Z","errorCount":0,"errors":[],"level":"info","message":"Migration completed successfully","startTime":"2025-02-07T04:20:17.626Z","successCount":2,"timestamp":"2025-02-07T04:20:17.658Z","totalRecords":2,"warnings":[]}
{"level":"info","message":"Successfully connected to database","timestamp":"2025-02-07T04:25:24.806Z"}
{"level":"info","message":"Successfully connected to database","timestamp":"2025-02-07T04:25:24.928Z"}
{"level":"info","message":"Successfully connected to database","timestamp":"2025-02-07T04:25:36.757Z"}
{"level":"info","message":"Successfully connected to database","timestamp":"2025-02-07T04:25:43.489Z"}
{"level":"info","message":"Successfully connected to database","timestamp":"2025-02-07T04:26:28.395Z"}
{"level":"info","message":"Successfully connected to database","timestamp":"2025-02-07T04:26:28.468Z"}
{"level":"info","message":"Successfully connected to database","timestamp":"2025-02-07T04:30:01.921Z"}
{"level":"info","message":"Successfully connected to database","timestamp":"2025-02-07T04:30:56.586Z"}
{"level":"info","message":"Successfully connected to database","timestamp":"2025-02-07T04:30:56.669Z"}
{"level":"info","message":"Successfully connected to database","timestamp":"2025-02-07T04:31:29.513Z"}
{"level":"info","message":"Successfully connected to database","timestamp":"2025-02-07T04:32:33.313Z"}
{"level":"info","message":"Successfully connected to database","timestamp":"2025-02-07T04:32:33.370Z"}
{"level":"info","message":"Successfully connected to database","timestamp":"2025-02-07T04:33:46.610Z"}
{"level":"info","message":"Successfully connected to database","timestamp":"2025-02-07T04:33:46.669Z"}
{"level":"info","message":"Successfully connected to database","timestamp":"2025-02-07T04:34:10.485Z"}
{"level":"info","message":"Successfully connected to database","timestamp":"2025-02-07T04:54:17.287Z"}
{"level":"info","message":"Successfully connected to database","timestamp":"2025-02-07T04:54:19.115Z"}
{"level":"info","message":"Successfully connected to database","timestamp":"2025-02-07T04:55:26.358Z"}
{"level":"info","message":"Successfully connected to database","timestamp":"2025-02-07T04:55:41.281Z"}
{"fileName":"test_departments(Sheet1) (1).csv","level":"info","mappings":{"Age":"Age","Email":"Email","StudentName":"StudentName"},"message":"Starting migration 1738904171250","tableName":"Students","timestamp":"2025-02-07T04:56:11.250Z"}
{"level":"info","message":"Successfully connected to database","timestamp":"2025-02-07T04:56:11.251Z"}
{"level":"info","message":"Migration progress: 2/2 records processed","timestamp":"2025-02-07T04:56:11.690Z"}
{"endTime":"2025-02-07T04:56:11.692Z","errorCount":0,"errors":[],"level":"info","message":"Migration completed successfully","startTime":"2025-02-07T04:56:11.251Z","successCount":2,"timestamp":"2025-02-07T04:56:11.692Z","totalRecords":2,"warnings":[]}
{"level":"info","message":"Successfully connected to database","timestamp":"2025-02-07T04:59:20.393Z"}
{"level":"info","message":"Successfully connected to database","timestamp":"2025-02-07T04:59:20.453Z"}
{"level":"info","message":"Successfully connected to database","timestamp":"2025-02-07T04:59:25.538Z"}
{"level":"info","message":"Successfully connected to database","timestamp":"2025-02-07T05:01:29.600Z"}
{"level":"info","message":"Successfully connected to database","timestamp":"2025-02-07T05:01:29.635Z"}
{"level":"info","message":"Successfully connected to database","timestamp":"2025-02-07T05:01:33.589Z"}
{"level":"info","message":"Successfully connected to database","timestamp":"2025-02-07T05:02:03.874Z"}
{"level":"info","message":"Successfully connected to database","timestamp":"2025-02-07T05:10:44.021Z"}
{"level":"info","message":"Successfully connected to database","timestamp":"2025-02-07T05:10:44.050Z"}
{"level":"info","message":"Successfully connected to database","timestamp":"2025-02-07T05:10:47.577Z"}
{"level":"info","message":"Successfully connected to database","timestamp":"2025-02-07T05:11:13.701Z"}
{"level":"info","message":"Successfully connected to database","timestamp":"2025-02-07T05:14:33.438Z"}
{"level":"info","message":"Successfully connected to database","timestamp":"2025-02-07T05:14:36.625Z"}
{"level":"info","message":"Successfully connected to database","timestamp":"2025-02-07T05:14:49.895Z"}
{"level":"info","message":"Successfully connected to database","timestamp":"2025-02-07T05:16:09.165Z"}
{"level":"info","message":"Successfully connected to database","timestamp":"2025-02-07T05:16:16.917Z"}
{"fileName":"students.csv","level":"info","mappings":{"DateOfBirth":"DateOfBirth","Email":"Email","FirstName":"FirstName","GPA":"GPA","LastName":"LastName","PhoneNumber":"PhoneNumber","StudentID":"StudentID"},"message":"Starting migration 1738905563843","tableName":"Students","timestamp":"2025-02-07T05:19:23.843Z"}
{"level":"info","message":"Successfully connected to database","timestamp":"2025-02-07T05:19:23.844Z"}
{"class":0,"code":"EREQUEST","level":"error","lineNumber":0,"message":"Migration failed: [Microsoft][ODBC SQL Server Driver]Invalid SQL data type","name":"RequestError","number":0,"originalError":{"code":0,"lineNumber":0,"procName":"","serverName":"","severity":0,"sqlstate":"HY004"},"procName":"","serverName":"","stack":"RequestError: [Microsoft][ODBC SQL Server Driver]Invalid SQL data type\n    at handleError (C:\\Users\\soham\\OneDrive\\Desktop\\datamigration\\datamigrate\\server\\node_modules\\mssql\\lib\\msnodesqlv8\\request.js:276:21)\n    at StreamEvents.emit (node:events:524:28)\n    at C:\\Users\\soham\\OneDrive\\Desktop\\datamigration\\datamigrate\\server\\node_modules\\msnodesqlv8\\lib\\reader.js:83:20\n    at Array.forEach (<anonymous>)\n    at Query.routeStatementError (C:\\Users\\soham\\OneDrive\\Desktop\\datamigration\\datamigrate\\server\\node_modules\\msnodesqlv8\\lib\\reader.js:73:19)\n    at C:\\Users\\soham\\OneDrive\\Desktop\\datamigration\\datamigrate\\server\\node_modules\\msnodesqlv8\\lib\\reader.js:239:12\n    at C:\\Users\\soham\\OneDrive\\Desktop\\datamigration\\datamigrate\\server\\node_modules\\msnodesqlv8\\lib\\driver.js:191:13\n    at Immediate.<anonymous> (C:\\Users\\soham\\OneDrive\\Desktop\\datamigration\\datamigrate\\server\\node_modules\\msnodesqlv8\\lib\\driver.js:167:9)\n    at process.processImmediate (node:internal/timers:491:21)","state":"HY004","timestamp":"2025-02-07T05:19:24.307Z"}
{"class":0,"code":"EREQUEST","level":"error","lineNumber":0,"message":"Migration 1738905563843 failed: [Microsoft][ODBC SQL Server Driver]Invalid SQL data type","name":"RequestError","number":0,"originalError":{"code":0,"lineNumber":0,"procName":"","serverName":"","severity":0,"sqlstate":"HY004"},"procName":"","serverName":"","stack":"RequestError: [Microsoft][ODBC SQL Server Driver]Invalid SQL data type\n    at handleError (C:\\Users\\soham\\OneDrive\\Desktop\\datamigration\\datamigrate\\server\\node_modules\\mssql\\lib\\msnodesqlv8\\request.js:276:21)\n    at StreamEvents.emit (node:events:524:28)\n    at C:\\Users\\soham\\OneDrive\\Desktop\\datamigration\\datamigrate\\server\\node_modules\\msnodesqlv8\\lib\\reader.js:83:20\n    at Array.forEach (<anonymous>)\n    at Query.routeStatementError (C:\\Users\\soham\\OneDrive\\Desktop\\datamigration\\datamigrate\\server\\node_modules\\msnodesqlv8\\lib\\reader.js:73:19)\n    at C:\\Users\\soham\\OneDrive\\Desktop\\datamigration\\datamigrate\\server\\node_modules\\msnodesqlv8\\lib\\reader.js:239:12\n    at C:\\Users\\soham\\OneDrive\\Desktop\\datamigration\\datamigrate\\server\\node_modules\\msnodesqlv8\\lib\\driver.js:191:13\n    at Immediate.<anonymous> (C:\\Users\\soham\\OneDrive\\Desktop\\datamigration\\datamigrate\\server\\node_modules\\msnodesqlv8\\lib\\driver.js:167:9)\n    at process.processImmediate (node:internal/timers:491:21)","state":"HY004","timestamp":"2025-02-07T05:19:24.307Z"}
{"level":"info","message":"Successfully connected to database","timestamp":"2025-02-07T06:05:12.875Z"}
{"level":"info","message":"Successfully connected to database","timestamp":"2025-02-07T06:05:12.917Z"}
{"level":"info","message":"Successfully connected to database","timestamp":"2025-02-07T06:06:01.956Z"}
{"fileName":"students.csv","level":"info","mappings":{"DateOfBirth":"DateOfBirth","Email":"Email","FirstName":"FirstName","GPA":"GPA","LastName":"LastName","PhoneNumber":"PhoneNumber","StudentID":"StudentID"},"message":"Starting migration 1738908407477","tableName":"Students","timestamp":"2025-02-07T06:06:47.477Z"}
{"level":"info","message":"Successfully connected to database","timestamp":"2025-02-07T06:06:47.484Z"}
{"class":0,"code":"EREQUEST","level":"error","lineNumber":0,"message":"Migration failed: [Microsoft][ODBC SQL Server Driver]Invalid SQL data type","name":"RequestError","number":0,"originalError":{"code":0,"lineNumber":0,"procName":"","serverName":"","severity":0,"sqlstate":"HY004"},"procName":"","serverName":"","stack":"RequestError: [Microsoft][ODBC SQL Server Driver]Invalid SQL data type\n    at handleError (C:\\Users\\soham\\OneDrive\\Desktop\\datamigration\\datamigrate\\server\\node_modules\\mssql\\lib\\msnodesqlv8\\request.js:276:21)\n    at StreamEvents.emit (node:events:524:28)\n    at C:\\Users\\soham\\OneDrive\\Desktop\\datamigration\\datamigrate\\server\\node_modules\\msnodesqlv8\\lib\\reader.js:83:20\n    at Array.forEach (<anonymous>)\n    at Query.routeStatementError (C:\\Users\\soham\\OneDrive\\Desktop\\datamigration\\datamigrate\\server\\node_modules\\msnodesqlv8\\lib\\reader.js:73:19)\n    at C:\\Users\\soham\\OneDrive\\Desktop\\datamigration\\datamigrate\\server\\node_modules\\msnodesqlv8\\lib\\reader.js:239:12\n    at C:\\Users\\soham\\OneDrive\\Desktop\\datamigration\\datamigrate\\server\\node_modules\\msnodesqlv8\\lib\\driver.js:191:13\n    at Immediate.<anonymous> (C:\\Users\\soham\\OneDrive\\Desktop\\datamigration\\datamigrate\\server\\node_modules\\msnodesqlv8\\lib\\driver.js:167:9)\n    at process.processImmediate (node:internal/timers:491:21)","state":"HY004","timestamp":"2025-02-07T06:06:48.155Z"}
{"class":0,"code":"EREQUEST","level":"error","lineNumber":0,"message":"Migration 1738908407477 failed: [Microsoft][ODBC SQL Server Driver]Invalid SQL data type","name":"RequestError","number":0,"originalError":{"code":0,"lineNumber":0,"procName":"","serverName":"","severity":0,"sqlstate":"HY004"},"procName":"","serverName":"","stack":"RequestError: [Microsoft][ODBC SQL Server Driver]Invalid SQL data type\n    at handleError (C:\\Users\\soham\\OneDrive\\Desktop\\datamigration\\datamigrate\\server\\node_modules\\mssql\\lib\\msnodesqlv8\\request.js:276:21)\n    at StreamEvents.emit (node:events:524:28)\n    at C:\\Users\\soham\\OneDrive\\Desktop\\datamigration\\datamigrate\\server\\node_modules\\msnodesqlv8\\lib\\reader.js:83:20\n    at Array.forEach (<anonymous>)\n    at Query.routeStatementError (C:\\Users\\soham\\OneDrive\\Desktop\\datamigration\\datamigrate\\server\\node_modules\\msnodesqlv8\\lib\\reader.js:73:19)\n    at C:\\Users\\soham\\OneDrive\\Desktop\\datamigration\\datamigrate\\server\\node_modules\\msnodesqlv8\\lib\\reader.js:239:12\n    at C:\\Users\\soham\\OneDrive\\Desktop\\datamigration\\datamigrate\\server\\node_modules\\msnodesqlv8\\lib\\driver.js:191:13\n    at Immediate.<anonymous> (C:\\Users\\soham\\OneDrive\\Desktop\\datamigration\\datamigrate\\server\\node_modules\\msnodesqlv8\\lib\\driver.js:167:9)\n    at process.processImmediate (node:internal/timers:491:21)","state":"HY004","timestamp":"2025-02-07T06:06:48.158Z"}
{"level":"info","message":"Successfully connected to database","timestamp":"2025-02-07T06:10:25.126Z"}
{"level":"info","message":"Successfully connected to database","timestamp":"2025-02-07T06:10:25.151Z"}
{"level":"info","message":"Successfully connected to database","timestamp":"2025-02-07T06:10:28.240Z"}
{"level":"info","message":"Successfully connected to database","timestamp":"2025-02-07T06:10:36.153Z"}
{"level":"info","message":"Successfully connected to database","timestamp":"2025-02-07T06:15:02.720Z"}
{"level":"info","message":"Successfully connected to database","timestamp":"2025-02-07T06:15:02.790Z"}
{"level":"info","message":"Successfully connected to database","timestamp":"2025-02-07T06:15:10.053Z"}
{"level":"info","message":"Successfully connected to database","timestamp":"2025-02-07T06:15:16.661Z"}
{"fileName":"students.csv","level":"info","mappings":{"DateOfBirth":"DateOfBirth","Email":"Email","FirstName":"FirstName","GPA":"GPA","LastName":"LastName","PhoneNumber":"PhoneNumber","StudentID":"StudentID"},"message":"Starting migration 1738908921152","tableName":"Students","timestamp":"2025-02-07T06:15:21.152Z"}
{"level":"info","message":"Successfully connected to database","timestamp":"2025-02-07T06:15:21.154Z"}
{"class":0,"code":"EREQUEST","level":"error","lineNumber":0,"message":"Migration failed: [Microsoft][ODBC SQL Server Driver]Invalid SQL data type","name":"RequestError","number":0,"originalError":{"code":0,"lineNumber":0,"procName":"","serverName":"","severity":0,"sqlstate":"HY004"},"procName":"","serverName":"","stack":"RequestError: [Microsoft][ODBC SQL Server Driver]Invalid SQL data type\n    at handleError (C:\\Users\\soham\\OneDrive\\Desktop\\datamigration\\datamigrate\\server\\node_modules\\mssql\\lib\\msnodesqlv8\\request.js:276:21)\n    at StreamEvents.emit (node:events:524:28)\n    at C:\\Users\\soham\\OneDrive\\Desktop\\datamigration\\datamigrate\\server\\node_modules\\msnodesqlv8\\lib\\reader.js:83:20\n    at Array.forEach (<anonymous>)\n    at Query.routeStatementError (C:\\Users\\soham\\OneDrive\\Desktop\\datamigration\\datamigrate\\server\\node_modules\\msnodesqlv8\\lib\\reader.js:73:19)\n    at C:\\Users\\soham\\OneDrive\\Desktop\\datamigration\\datamigrate\\server\\node_modules\\msnodesqlv8\\lib\\reader.js:239:12\n    at C:\\Users\\soham\\OneDrive\\Desktop\\datamigration\\datamigrate\\server\\node_modules\\msnodesqlv8\\lib\\driver.js:191:13\n    at Immediate.<anonymous> (C:\\Users\\soham\\OneDrive\\Desktop\\datamigration\\datamigrate\\server\\node_modules\\msnodesqlv8\\lib\\driver.js:167:9)\n    at process.processImmediate (node:internal/timers:491:21)","state":"HY004","timestamp":"2025-02-07T06:15:21.625Z"}
{"class":0,"code":"EREQUEST","level":"error","lineNumber":0,"message":"Migration 1738908921152 failed: [Microsoft][ODBC SQL Server Driver]Invalid SQL data type","name":"RequestError","number":0,"originalError":{"code":0,"lineNumber":0,"procName":"","serverName":"","severity":0,"sqlstate":"HY004"},"procName":"","serverName":"","stack":"RequestError: [Microsoft][ODBC SQL Server Driver]Invalid SQL data type\n    at handleError (C:\\Users\\soham\\OneDrive\\Desktop\\datamigration\\datamigrate\\server\\node_modules\\mssql\\lib\\msnodesqlv8\\request.js:276:21)\n    at StreamEvents.emit (node:events:524:28)\n    at C:\\Users\\soham\\OneDrive\\Desktop\\datamigration\\datamigrate\\server\\node_modules\\msnodesqlv8\\lib\\reader.js:83:20\n    at Array.forEach (<anonymous>)\n    at Query.routeStatementError (C:\\Users\\soham\\OneDrive\\Desktop\\datamigration\\datamigrate\\server\\node_modules\\msnodesqlv8\\lib\\reader.js:73:19)\n    at C:\\Users\\soham\\OneDrive\\Desktop\\datamigration\\datamigrate\\server\\node_modules\\msnodesqlv8\\lib\\reader.js:239:12\n    at C:\\Users\\soham\\OneDrive\\Desktop\\datamigration\\datamigrate\\server\\node_modules\\msnodesqlv8\\lib\\driver.js:191:13\n    at Immediate.<anonymous> (C:\\Users\\soham\\OneDrive\\Desktop\\datamigration\\datamigrate\\server\\node_modules\\msnodesqlv8\\lib\\driver.js:167:9)\n    at process.processImmediate (node:internal/timers:491:21)","state":"HY004","timestamp":"2025-02-07T06:15:21.626Z"}
{"level":"info","message":"Server running on port 5000","timestamp":"2025-02-07T06:17:21.497Z"}
{"level":"info","message":"Successfully connected to database","timestamp":"2025-02-07T06:17:21.528Z"}
{"level":"info","message":"Server running on port 5000","timestamp":"2025-02-07T06:17:24.373Z"}
{"level":"info","message":"Successfully connected to database","timestamp":"2025-02-07T06:17:24.408Z"}
{"fileName":"students.csv","level":"info","mappings":{"DateOfBirth":"DateOfBirth","Email":"Email","FirstName":"FirstName","GPA":"GPA","LastName":"LastName","PhoneNumber":"PhoneNumber","StudentID":"StudentID"},"message":"Starting migration 1738909058163","tableName":"Students","timestamp":"2025-02-07T06:17:38.163Z"}
{"level":"info","message":"Successfully connected to database","timestamp":"2025-02-07T06:17:38.168Z"}
{"class":0,"code":"EREQUEST","level":"error","lineNumber":0,"message":"Migration failed: [Microsoft][ODBC SQL Server Driver]Invalid SQL data type","name":"RequestError","number":0,"originalError":{"code":0,"lineNumber":0,"procName":"","serverName":"","severity":0,"sqlstate":"HY004"},"procName":"","serverName":"","stack":"RequestError: [Microsoft][ODBC SQL Server Driver]Invalid SQL data type\n    at handleError (C:\\Users\\soham\\OneDrive\\Desktop\\datamigration\\datamigrate\\server\\node_modules\\mssql\\lib\\msnodesqlv8\\request.js:276:21)\n    at StreamEvents.emit (node:events:524:28)\n    at C:\\Users\\soham\\OneDrive\\Desktop\\datamigration\\datamigrate\\server\\node_modules\\msnodesqlv8\\lib\\reader.js:83:20\n    at Array.forEach (<anonymous>)\n    at Query.routeStatementError (C:\\Users\\soham\\OneDrive\\Desktop\\datamigration\\datamigrate\\server\\node_modules\\msnodesqlv8\\lib\\reader.js:73:19)\n    at C:\\Users\\soham\\OneDrive\\Desktop\\datamigration\\datamigrate\\server\\node_modules\\msnodesqlv8\\lib\\reader.js:239:12\n    at C:\\Users\\soham\\OneDrive\\Desktop\\datamigration\\datamigrate\\server\\node_modules\\msnodesqlv8\\lib\\driver.js:191:13\n    at Immediate.<anonymous> (C:\\Users\\soham\\OneDrive\\Desktop\\datamigration\\datamigrate\\server\\node_modules\\msnodesqlv8\\lib\\driver.js:167:9)\n    at process.processImmediate (node:internal/timers:491:21)","state":"HY004","timestamp":"2025-02-07T06:17:38.731Z"}
{"class":0,"code":"EREQUEST","level":"error","lineNumber":0,"message":"Migration 1738909058163 failed: [Microsoft][ODBC SQL Server Driver]Invalid SQL data type","name":"RequestError","number":0,"originalError":{"code":0,"lineNumber":0,"procName":"","serverName":"","severity":0,"sqlstate":"HY004"},"procName":"","serverName":"","stack":"RequestError: [Microsoft][ODBC SQL Server Driver]Invalid SQL data type\n    at handleError (C:\\Users\\soham\\OneDrive\\Desktop\\datamigration\\datamigrate\\server\\node_modules\\mssql\\lib\\msnodesqlv8\\request.js:276:21)\n    at StreamEvents.emit (node:events:524:28)\n    at C:\\Users\\soham\\OneDrive\\Desktop\\datamigration\\datamigrate\\server\\node_modules\\msnodesqlv8\\lib\\reader.js:83:20\n    at Array.forEach (<anonymous>)\n    at Query.routeStatementError (C:\\Users\\soham\\OneDrive\\Desktop\\datamigration\\datamigrate\\server\\node_modules\\msnodesqlv8\\lib\\reader.js:73:19)\n    at C:\\Users\\soham\\OneDrive\\Desktop\\datamigration\\datamigrate\\server\\node_modules\\msnodesqlv8\\lib\\reader.js:239:12\n    at C:\\Users\\soham\\OneDrive\\Desktop\\datamigration\\datamigrate\\server\\node_modules\\msnodesqlv8\\lib\\driver.js:191:13\n    at Immediate.<anonymous> (C:\\Users\\soham\\OneDrive\\Desktop\\datamigration\\datamigrate\\server\\node_modules\\msnodesqlv8\\lib\\driver.js:167:9)\n    at process.processImmediate (node:internal/timers:491:21)","state":"HY004","timestamp":"2025-02-07T06:17:38.733Z"}
{"level":"info","message":"Server running on port 5000","timestamp":"2025-02-07T06:20:58.206Z"}
{"level":"info","message":"Successfully connected to database","timestamp":"2025-02-07T06:20:58.233Z"}
{"level":"info","message":"Server running on port 5000","timestamp":"2025-02-07T06:22:43.406Z"}
{"level":"info","message":"Successfully connected to database","timestamp":"2025-02-07T06:22:43.437Z"}
{"level":"info","message":"Successfully connected to database","timestamp":"2025-02-07T06:22:49.989Z"}
{"level":"info","message":"Successfully connected to database","timestamp":"2025-02-07T06:22:50.072Z"}
{"level":"info","message":"Successfully connected to database","timestamp":"2025-02-07T06:22:52.789Z"}
{"fileName":"students.csv","level":"info","mappings":{"DateOfBirth":"DateOfBirth","Email":"Email","FirstName":"FirstName","GPA":"GPA","LastName":"LastName","PhoneNumber":"PhoneNumber","StudentID":"StudentID"},"message":"Starting migration 1738909383148","tableName":"Students","timestamp":"2025-02-07T06:23:03.148Z"}
{"level":"info","message":"Successfully connected to database","timestamp":"2025-02-07T06:23:03.156Z"}
{"class":0,"code":"EREQUEST","level":"error","lineNumber":0,"message":"Migration failed: [Microsoft][ODBC SQL Server Driver]Invalid SQL data type","name":"RequestError","number":0,"originalError":{"code":0,"lineNumber":0,"procName":"","serverName":"","severity":0,"sqlstate":"HY004"},"procName":"","serverName":"","stack":"RequestError: [Microsoft][ODBC SQL Server Driver]Invalid SQL data type\n    at handleError (C:\\Users\\soham\\OneDrive\\Desktop\\datamigration\\datamigrate\\server\\node_modules\\mssql\\lib\\msnodesqlv8\\request.js:276:21)\n    at StreamEvents.emit (node:events:524:28)\n    at C:\\Users\\soham\\OneDrive\\Desktop\\datamigration\\datamigrate\\server\\node_modules\\msnodesqlv8\\lib\\reader.js:83:20\n    at Array.forEach (<anonymous>)\n    at Query.routeStatementError (C:\\Users\\soham\\OneDrive\\Desktop\\datamigration\\datamigrate\\server\\node_modules\\msnodesqlv8\\lib\\reader.js:73:19)\n    at C:\\Users\\soham\\OneDrive\\Desktop\\datamigration\\datamigrate\\server\\node_modules\\msnodesqlv8\\lib\\reader.js:239:12\n    at C:\\Users\\soham\\OneDrive\\Desktop\\datamigration\\datamigrate\\server\\node_modules\\msnodesqlv8\\lib\\driver.js:191:13\n    at Immediate.<anonymous> (C:\\Users\\soham\\OneDrive\\Desktop\\datamigration\\datamigrate\\server\\node_modules\\msnodesqlv8\\lib\\driver.js:167:9)\n    at process.processImmediate (node:internal/timers:491:21)","state":"HY004","timestamp":"2025-02-07T06:23:03.634Z"}
{"class":0,"code":"EREQUEST","level":"error","lineNumber":0,"message":"Migration 1738909383148 failed: [Microsoft][ODBC SQL Server Driver]Invalid SQL data type","name":"RequestError","number":0,"originalError":{"code":0,"lineNumber":0,"procName":"","serverName":"","severity":0,"sqlstate":"HY004"},"procName":"","serverName":"","stack":"RequestError: [Microsoft][ODBC SQL Server Driver]Invalid SQL data type\n    at handleError (C:\\Users\\soham\\OneDrive\\Desktop\\datamigration\\datamigrate\\server\\node_modules\\mssql\\lib\\msnodesqlv8\\request.js:276:21)\n    at StreamEvents.emit (node:events:524:28)\n    at C:\\Users\\soham\\OneDrive\\Desktop\\datamigration\\datamigrate\\server\\node_modules\\msnodesqlv8\\lib\\reader.js:83:20\n    at Array.forEach (<anonymous>)\n    at Query.routeStatementError (C:\\Users\\soham\\OneDrive\\Desktop\\datamigration\\datamigrate\\server\\node_modules\\msnodesqlv8\\lib\\reader.js:73:19)\n    at C:\\Users\\soham\\OneDrive\\Desktop\\datamigration\\datamigrate\\server\\node_modules\\msnodesqlv8\\lib\\reader.js:239:12\n    at C:\\Users\\soham\\OneDrive\\Desktop\\datamigration\\datamigrate\\server\\node_modules\\msnodesqlv8\\lib\\driver.js:191:13\n    at Immediate.<anonymous> (C:\\Users\\soham\\OneDrive\\Desktop\\datamigration\\datamigrate\\server\\node_modules\\msnodesqlv8\\lib\\driver.js:167:9)\n    at process.processImmediate (node:internal/timers:491:21)","state":"HY004","timestamp":"2025-02-07T06:23:03.635Z"}
{"level":"info","message":"Server running on port 5000","timestamp":"2025-02-07T06:24:34.704Z"}
{"level":"info","message":"Successfully connected to database","timestamp":"2025-02-07T06:24:34.735Z"}
{"level":"info","message":"Server running on port 5000","timestamp":"2025-02-07T06:25:02.702Z"}
{"level":"info","message":"Successfully connected to database","timestamp":"2025-02-07T06:25:02.729Z"}
{"level":"info","message":"Successfully connected to database","timestamp":"2025-02-07T06:25:12.154Z"}
{"level":"info","message":"Successfully connected to database","timestamp":"2025-02-07T06:25:12.204Z"}
{"level":"info","message":"Successfully connected to database","timestamp":"2025-02-07T06:25:16.420Z"}
{"fileName":"students.csv","level":"info","mappings":{"DateOfBirth":"DateOfBirth","Email":"Email","FirstName":"FirstName","GPA":"GPA","LastName":"LastName","PhoneNumber":"PhoneNumber","StudentID":"StudentID"},"message":"Starting migration 1738909525862","tableName":"Students","timestamp":"2025-02-07T06:25:25.862Z"}
{"level":"info","message":"Successfully connected to database","timestamp":"2025-02-07T06:25:25.867Z"}
{"class":0,"code":"EREQUEST","level":"error","lineNumber":0,"message":"Migration failed: [Microsoft][ODBC SQL Server Driver]Invalid SQL data type","name":"RequestError","number":0,"originalError":{"code":0,"lineNumber":0,"procName":"","serverName":"","severity":0,"sqlstate":"HY004"},"procName":"","serverName":"","stack":"RequestError: [Microsoft][ODBC SQL Server Driver]Invalid SQL data type\n    at handleError (C:\\Users\\soham\\OneDrive\\Desktop\\datamigration\\datamigrate\\server\\node_modules\\mssql\\lib\\msnodesqlv8\\request.js:276:21)\n    at StreamEvents.emit (node:events:524:28)\n    at C:\\Users\\soham\\OneDrive\\Desktop\\datamigration\\datamigrate\\server\\node_modules\\msnodesqlv8\\lib\\reader.js:83:20\n    at Array.forEach (<anonymous>)\n    at Query.routeStatementError (C:\\Users\\soham\\OneDrive\\Desktop\\datamigration\\datamigrate\\server\\node_modules\\msnodesqlv8\\lib\\reader.js:73:19)\n    at C:\\Users\\soham\\OneDrive\\Desktop\\datamigration\\datamigrate\\server\\node_modules\\msnodesqlv8\\lib\\reader.js:239:12\n    at C:\\Users\\soham\\OneDrive\\Desktop\\datamigration\\datamigrate\\server\\node_modules\\msnodesqlv8\\lib\\driver.js:191:13\n    at Immediate.<anonymous> (C:\\Users\\soham\\OneDrive\\Desktop\\datamigration\\datamigrate\\server\\node_modules\\msnodesqlv8\\lib\\driver.js:167:9)\n    at process.processImmediate (node:internal/timers:491:21)","state":"HY004","timestamp":"2025-02-07T06:25:26.355Z"}
{"class":0,"code":"EREQUEST","level":"error","lineNumber":0,"message":"Migration 1738909525862 failed: [Microsoft][ODBC SQL Server Driver]Invalid SQL data type","name":"RequestError","number":0,"originalError":{"code":0,"lineNumber":0,"procName":"","serverName":"","severity":0,"sqlstate":"HY004"},"procName":"","serverName":"","stack":"RequestError: [Microsoft][ODBC SQL Server Driver]Invalid SQL data type\n    at handleError (C:\\Users\\soham\\OneDrive\\Desktop\\datamigration\\datamigrate\\server\\node_modules\\mssql\\lib\\msnodesqlv8\\request.js:276:21)\n    at StreamEvents.emit (node:events:524:28)\n    at C:\\Users\\soham\\OneDrive\\Desktop\\datamigration\\datamigrate\\server\\node_modules\\msnodesqlv8\\lib\\reader.js:83:20\n    at Array.forEach (<anonymous>)\n    at Query.routeStatementError (C:\\Users\\soham\\OneDrive\\Desktop\\datamigration\\datamigrate\\server\\node_modules\\msnodesqlv8\\lib\\reader.js:73:19)\n    at C:\\Users\\soham\\OneDrive\\Desktop\\datamigration\\datamigrate\\server\\node_modules\\msnodesqlv8\\lib\\reader.js:239:12\n    at C:\\Users\\soham\\OneDrive\\Desktop\\datamigration\\datamigrate\\server\\node_modules\\msnodesqlv8\\lib\\driver.js:191:13\n    at Immediate.<anonymous> (C:\\Users\\soham\\OneDrive\\Desktop\\datamigration\\datamigrate\\server\\node_modules\\msnodesqlv8\\lib\\driver.js:167:9)\n    at process.processImmediate (node:internal/timers:491:21)","state":"HY004","timestamp":"2025-02-07T06:25:26.357Z"}
{"level":"info","message":"Server running on port 5000","timestamp":"2025-02-07T06:27:25.634Z"}
{"level":"info","message":"Successfully connected to database","timestamp":"2025-02-07T06:27:25.668Z"}
{"level":"info","message":"Server running on port 5000","timestamp":"2025-02-07T06:27:38.744Z"}
{"level":"info","message":"Successfully connected to database","timestamp":"2025-02-07T06:27:38.772Z"}
{"level":"info","message":"Successfully connected to database","timestamp":"2025-02-07T06:27:47.437Z"}
{"level":"info","message":"Successfully connected to database","timestamp":"2025-02-07T06:27:47.475Z"}
{"level":"info","message":"Successfully connected to database","timestamp":"2025-02-07T06:27:51.680Z"}
{"fileName":"students.csv","level":"info","mappings":{"DateOfBirth":"DateOfBirth","Email":"Email","FirstName":"FirstName","GPA":"GPA","LastName":"LastName","PhoneNumber":"PhoneNumber","StudentID":"StudentID"},"message":"Starting migration 1738909683357","tableName":"Students","timestamp":"2025-02-07T06:28:03.357Z"}
{"level":"info","message":"Successfully connected to database","timestamp":"2025-02-07T06:28:03.363Z"}
{"class":0,"code":"EREQUEST","level":"error","lineNumber":0,"message":"Migration failed: [Microsoft][ODBC SQL Server Driver]Invalid SQL data type","name":"RequestError","number":0,"originalError":{"code":0,"lineNumber":0,"procName":"","serverName":"","severity":0,"sqlstate":"HY004"},"procName":"","serverName":"","stack":"RequestError: [Microsoft][ODBC SQL Server Driver]Invalid SQL data type\n    at handleError (C:\\Users\\soham\\OneDrive\\Desktop\\datamigration\\datamigrate\\server\\node_modules\\mssql\\lib\\msnodesqlv8\\request.js:276:21)\n    at StreamEvents.emit (node:events:524:28)\n    at C:\\Users\\soham\\OneDrive\\Desktop\\datamigration\\datamigrate\\server\\node_modules\\msnodesqlv8\\lib\\reader.js:83:20\n    at Array.forEach (<anonymous>)\n    at Query.routeStatementError (C:\\Users\\soham\\OneDrive\\Desktop\\datamigration\\datamigrate\\server\\node_modules\\msnodesqlv8\\lib\\reader.js:73:19)\n    at C:\\Users\\soham\\OneDrive\\Desktop\\datamigration\\datamigrate\\server\\node_modules\\msnodesqlv8\\lib\\reader.js:239:12\n    at C:\\Users\\soham\\OneDrive\\Desktop\\datamigration\\datamigrate\\server\\node_modules\\msnodesqlv8\\lib\\driver.js:191:13\n    at Immediate.<anonymous> (C:\\Users\\soham\\OneDrive\\Desktop\\datamigration\\datamigrate\\server\\node_modules\\msnodesqlv8\\lib\\driver.js:167:9)\n    at process.processImmediate (node:internal/timers:491:21)","state":"HY004","timestamp":"2025-02-07T06:28:03.821Z"}
{"class":0,"code":"EREQUEST","level":"error","lineNumber":0,"message":"Migration 1738909683357 failed: [Microsoft][ODBC SQL Server Driver]Invalid SQL data type","name":"RequestError","number":0,"originalError":{"code":0,"lineNumber":0,"procName":"","serverName":"","severity":0,"sqlstate":"HY004"},"procName":"","serverName":"","stack":"RequestError: [Microsoft][ODBC SQL Server Driver]Invalid SQL data type\n    at handleError (C:\\Users\\soham\\OneDrive\\Desktop\\datamigration\\datamigrate\\server\\node_modules\\mssql\\lib\\msnodesqlv8\\request.js:276:21)\n    at StreamEvents.emit (node:events:524:28)\n    at C:\\Users\\soham\\OneDrive\\Desktop\\datamigration\\datamigrate\\server\\node_modules\\msnodesqlv8\\lib\\reader.js:83:20\n    at Array.forEach (<anonymous>)\n    at Query.routeStatementError (C:\\Users\\soham\\OneDrive\\Desktop\\datamigration\\datamigrate\\server\\node_modules\\msnodesqlv8\\lib\\reader.js:73:19)\n    at C:\\Users\\soham\\OneDrive\\Desktop\\datamigration\\datamigrate\\server\\node_modules\\msnodesqlv8\\lib\\reader.js:239:12\n    at C:\\Users\\soham\\OneDrive\\Desktop\\datamigration\\datamigrate\\server\\node_modules\\msnodesqlv8\\lib\\driver.js:191:13\n    at Immediate.<anonymous> (C:\\Users\\soham\\OneDrive\\Desktop\\datamigration\\datamigrate\\server\\node_modules\\msnodesqlv8\\lib\\driver.js:167:9)\n    at process.processImmediate (node:internal/timers:491:21)","state":"HY004","timestamp":"2025-02-07T06:28:03.823Z"}
{"level":"info","message":"Server running on port 5000","timestamp":"2025-02-07T06:30:11.230Z"}
{"level":"info","message":"Successfully connected to database","timestamp":"2025-02-07T06:30:11.275Z"}
{"level":"info","message":"Server running on port 5000","timestamp":"2025-02-07T06:30:16.107Z"}
{"level":"info","message":"Successfully connected to database","timestamp":"2025-02-07T06:30:16.142Z"}
{"level":"info","message":"Server running on port 5000","timestamp":"2025-02-07T06:30:42.574Z"}
{"level":"info","message":"Successfully connected to database","timestamp":"2025-02-07T06:30:42.608Z"}
{"level":"info","message":"Successfully connected to database","timestamp":"2025-02-07T06:30:47.811Z"}
{"level":"info","message":"Successfully connected to database","timestamp":"2025-02-07T06:30:47.867Z"}
{"level":"info","message":"Successfully connected to database","timestamp":"2025-02-07T06:30:51.359Z"}
{"fileName":"students.csv","level":"info","mappings":{"DateOfBirth":"DateOfBirth","Email":"Email","FirstName":"FirstName","GPA":"GPA","LastName":"LastName","PhoneNumber":"PhoneNumber","StudentID":"StudentID"},"message":"Starting migration 1738909859375","tableName":"Students","timestamp":"2025-02-07T06:30:59.375Z"}
{"level":"info","message":"Successfully connected to database","timestamp":"2025-02-07T06:30:59.379Z"}
{"class":0,"code":"EREQUEST","level":"error","lineNumber":0,"message":"Migration failed: [Microsoft][ODBC SQL Server Driver]Invalid SQL data type","name":"RequestError","number":0,"originalError":{"code":0,"lineNumber":0,"procName":"","serverName":"","severity":0,"sqlstate":"HY004"},"procName":"","serverName":"","stack":"RequestError: [Microsoft][ODBC SQL Server Driver]Invalid SQL data type\n    at handleError (C:\\Users\\soham\\OneDrive\\Desktop\\datamigration\\datamigrate\\server\\node_modules\\mssql\\lib\\msnodesqlv8\\request.js:276:21)\n    at StreamEvents.emit (node:events:524:28)\n    at C:\\Users\\soham\\OneDrive\\Desktop\\datamigration\\datamigrate\\server\\node_modules\\msnodesqlv8\\lib\\reader.js:83:20\n    at Array.forEach (<anonymous>)\n    at Query.routeStatementError (C:\\Users\\soham\\OneDrive\\Desktop\\datamigration\\datamigrate\\server\\node_modules\\msnodesqlv8\\lib\\reader.js:73:19)\n    at C:\\Users\\soham\\OneDrive\\Desktop\\datamigration\\datamigrate\\server\\node_modules\\msnodesqlv8\\lib\\reader.js:239:12\n    at C:\\Users\\soham\\OneDrive\\Desktop\\datamigration\\datamigrate\\server\\node_modules\\msnodesqlv8\\lib\\driver.js:191:13\n    at Immediate.<anonymous> (C:\\Users\\soham\\OneDrive\\Desktop\\datamigration\\datamigrate\\server\\node_modules\\msnodesqlv8\\lib\\driver.js:167:9)\n    at process.processImmediate (node:internal/timers:491:21)","state":"HY004","timestamp":"2025-02-07T06:30:59.871Z"}
{"class":0,"code":"EREQUEST","level":"error","lineNumber":0,"message":"Migration 1738909859375 failed: [Microsoft][ODBC SQL Server Driver]Invalid SQL data type","name":"RequestError","number":0,"originalError":{"code":0,"lineNumber":0,"procName":"","serverName":"","severity":0,"sqlstate":"HY004"},"procName":"","serverName":"","stack":"RequestError: [Microsoft][ODBC SQL Server Driver]Invalid SQL data type\n    at handleError (C:\\Users\\soham\\OneDrive\\Desktop\\datamigration\\datamigrate\\server\\node_modules\\mssql\\lib\\msnodesqlv8\\request.js:276:21)\n    at StreamEvents.emit (node:events:524:28)\n    at C:\\Users\\soham\\OneDrive\\Desktop\\datamigration\\datamigrate\\server\\node_modules\\msnodesqlv8\\lib\\reader.js:83:20\n    at Array.forEach (<anonymous>)\n    at Query.routeStatementError (C:\\Users\\soham\\OneDrive\\Desktop\\datamigration\\datamigrate\\server\\node_modules\\msnodesqlv8\\lib\\reader.js:73:19)\n    at C:\\Users\\soham\\OneDrive\\Desktop\\datamigration\\datamigrate\\server\\node_modules\\msnodesqlv8\\lib\\reader.js:239:12\n    at C:\\Users\\soham\\OneDrive\\Desktop\\datamigration\\datamigrate\\server\\node_modules\\msnodesqlv8\\lib\\driver.js:191:13\n    at Immediate.<anonymous> (C:\\Users\\soham\\OneDrive\\Desktop\\datamigration\\datamigrate\\server\\node_modules\\msnodesqlv8\\lib\\driver.js:167:9)\n    at process.processImmediate (node:internal/timers:491:21)","state":"HY004","timestamp":"2025-02-07T06:30:59.873Z"}
{"level":"info","message":"Server running on port 5000","timestamp":"2025-02-07T06:32:00.274Z"}
{"level":"info","message":"Successfully connected to database","timestamp":"2025-02-07T06:32:00.308Z"}
{"level":"info","message":"Server running on port 5000","timestamp":"2025-02-07T06:32:14.296Z"}
{"level":"info","message":"Successfully connected to database","timestamp":"2025-02-07T06:32:14.339Z"}
{"level":"info","message":"Successfully connected to database","timestamp":"2025-02-07T06:32:30.160Z"}
{"level":"info","message":"Successfully connected to database","timestamp":"2025-02-07T06:32:30.206Z"}
{"level":"info","message":"Successfully connected to database","timestamp":"2025-02-07T06:32:33.921Z"}
{"fileName":"students.csv","level":"info","mappings":{"DateOfBirth":"DateOfBirth","Email":"Email","FirstName":"FirstName","GPA":"GPA","LastName":"LastName","PhoneNumber":"PhoneNumber","StudentID":"StudentID"},"message":"Starting migration 1738909961293","tableName":"Students","timestamp":"2025-02-07T06:32:41.293Z"}
{"level":"info","message":"Successfully connected to database","timestamp":"2025-02-07T06:32:41.299Z"}
{"level":"info","message":"Server running on port 5000","timestamp":"2025-02-07T06:35:56.704Z"}
{"level":"info","message":"Successfully connected to database","timestamp":"2025-02-07T06:35:56.741Z"}
{"level":"info","message":"Server running on port 5000","timestamp":"2025-02-07T06:36:21.640Z"}
{"level":"info","message":"Successfully connected to database","timestamp":"2025-02-07T06:36:21.673Z"}
{"level":"info","message":"Server running on port 5000","timestamp":"2025-02-07T06:38:00.343Z"}
{"level":"info","message":"Successfully connected to database","timestamp":"2025-02-07T06:38:00.378Z"}
{"level":"info","message":"Successfully connected to database","timestamp":"2025-02-07T06:38:06.105Z"}
{"level":"info","message":"Successfully connected to database","timestamp":"2025-02-07T06:38:06.153Z"}
{"level":"info","message":"Successfully connected to database","timestamp":"2025-02-07T06:38:09.552Z"}
{"level":"info","message":"Successfully connected to database","timestamp":"2025-02-07T06:38:11.264Z"}
{"fileName":"students.csv","level":"info","mappings":{"DateOfBirth":"DateOfBirth","Email":"Email","FirstName":"FirstName","GPA":"GPA","LastName":"LastName","PhoneNumber":"PhoneNumber","StudentID":"StudentID"},"message":"Starting migration 1738910299640","tableName":"Students","timestamp":"2025-02-07T06:38:19.640Z"}
{"level":"info","message":"Successfully connected to database","timestamp":"2025-02-07T06:38:19.645Z"}
{"level":"info","message":"Server running on port 5000","timestamp":"2025-02-07T06:39:40.808Z"}
{"level":"info","message":"Successfully connected to database","timestamp":"2025-02-07T06:39:40.848Z"}
{"level":"info","message":"Server running on port 5000","timestamp":"2025-02-07T06:40:11.398Z"}
{"level":"info","message":"Successfully connected to database","timestamp":"2025-02-07T06:40:11.430Z"}
{"level":"info","message":"Server running on port 5000","timestamp":"2025-02-07T06:40:58.192Z"}
{"level":"info","message":"Successfully connected to database","timestamp":"2025-02-07T06:40:58.227Z"}
{"level":"info","message":"Server running on port 5000","timestamp":"2025-02-07T06:41:17.342Z"}
{"level":"info","message":"Successfully connected to database","timestamp":"2025-02-07T06:41:17.376Z"}
{"level":"info","message":"Server running on port 5000","timestamp":"2025-02-07T06:42:19.777Z"}
{"level":"info","message":"Successfully connected to database","timestamp":"2025-02-07T06:42:19.810Z"}
{"level":"info","message":"Server running on port 5000","timestamp":"2025-02-07T06:42:49.359Z"}
{"level":"info","message":"Successfully connected to database","timestamp":"2025-02-07T06:42:49.389Z"}
{"level":"info","message":"Successfully connected to database","timestamp":"2025-02-07T06:43:43.050Z"}
{"level":"info","message":"Successfully connected to database","timestamp":"2025-02-07T06:43:43.091Z"}
{"level":"info","message":"Successfully connected to database","timestamp":"2025-02-07T06:43:46.590Z"}
{"level":"error","message":"Migration failed: \"undefined\" is not valid JSON","stack":"SyntaxError: \"undefined\" is not valid JSON\n    at JSON.parse (<anonymous>)\n    at C:\\Users\\soham\\OneDrive\\Desktop\\datamigration\\datamigrate\\server\\server.js:448:27\n    at Layer.handle [as handle_request] (C:\\Users\\soham\\OneDrive\\Desktop\\datamigration\\datamigrate\\server\\node_modules\\express\\lib\\router\\layer.js:95:5)\n    at next (C:\\Users\\soham\\OneDrive\\Desktop\\datamigration\\datamigrate\\server\\node_modules\\express\\lib\\router\\route.js:149:13)\n    at done (C:\\Users\\soham\\OneDrive\\Desktop\\datamigration\\datamigrate\\server\\node_modules\\multer\\lib\\make-middleware.js:45:7)\n    at indicateDone (C:\\Users\\soham\\OneDrive\\Desktop\\datamigration\\datamigrate\\server\\node_modules\\multer\\lib\\make-middleware.js:49:68)\n    at C:\\Users\\soham\\OneDrive\\Desktop\\datamigration\\datamigrate\\server\\node_modules\\multer\\lib\\make-middleware.js:155:11\n    at WriteStream.<anonymous> (C:\\Users\\soham\\OneDrive\\Desktop\\datamigration\\datamigrate\\server\\node_modules\\multer\\storage\\disk.js:43:9)\n    at WriteStream.emit (node:events:536:35)\n    at finish (node:internal/streams/writable:955:10)","timestamp":"2025-02-07T06:43:53.593Z"}
{"level":"info","message":"Server running on port 5000","timestamp":"2025-02-07T06:46:13.595Z"}
{"level":"info","message":"Successfully connected to database","timestamp":"2025-02-07T06:46:13.628Z"}
{"level":"info","message":"Server running on port 5000","timestamp":"2025-02-07T06:46:29.881Z"}
{"level":"info","message":"Successfully connected to database","timestamp":"2025-02-07T06:46:29.913Z"}
{"level":"info","message":"Successfully connected to database","timestamp":"2025-02-07T06:46:44.558Z"}
{"level":"info","message":"Successfully connected to database","timestamp":"2025-02-07T06:46:44.599Z"}
{"level":"info","message":"Successfully connected to database","timestamp":"2025-02-07T06:50:41.826Z"}
{"level":"info","message":"Successfully connected to database","timestamp":"2025-02-07T06:50:41.866Z"}
{"level":"info","message":"Successfully connected to database","timestamp":"2025-02-07T06:50:48.675Z"}
{"level":"error","message":"Migration failed: Cannot read properties of undefined (reading 'toString')","stack":"TypeError: Cannot read properties of undefined (reading 'toString')\n    at C:\\Users\\soham\\OneDrive\\Desktop\\datamigration\\datamigrate\\server\\server.js:464:45\n    at Layer.handle [as handle_request] (C:\\Users\\soham\\OneDrive\\Desktop\\datamigration\\datamigrate\\server\\node_modules\\express\\lib\\router\\layer.js:95:5)\n    at next (C:\\Users\\soham\\OneDrive\\Desktop\\datamigration\\datamigrate\\server\\node_modules\\express\\lib\\router\\route.js:149:13)\n    at done (C:\\Users\\soham\\OneDrive\\Desktop\\datamigration\\datamigrate\\server\\node_modules\\multer\\lib\\make-middleware.js:45:7)\n    at indicateDone (C:\\Users\\soham\\OneDrive\\Desktop\\datamigration\\datamigrate\\server\\node_modules\\multer\\lib\\make-middleware.js:49:68)\n    at C:\\Users\\soham\\OneDrive\\Desktop\\datamigration\\datamigrate\\server\\node_modules\\multer\\lib\\make-middleware.js:155:11\n    at WriteStream.<anonymous> (C:\\Users\\soham\\OneDrive\\Desktop\\datamigration\\datamigrate\\server\\node_modules\\multer\\storage\\disk.js:43:9)\n    at WriteStream.emit (node:events:536:35)\n    at finish (node:internal/streams/writable:955:10)\n    at node:internal/streams/writable:936:13","timestamp":"2025-02-07T06:50:57.438Z"}
{"level":"info","message":"Server running on port 5000","timestamp":"2025-02-07T06:52:10.443Z"}
{"level":"info","message":"Successfully connected to database","timestamp":"2025-02-07T06:52:10.478Z"}
{"level":"info","message":"Successfully connected to database","timestamp":"2025-02-07T06:52:15.255Z"}
{"level":"info","message":"Successfully connected to database","timestamp":"2025-02-07T06:52:15.306Z"}
{"level":"info","message":"Successfully connected to database","timestamp":"2025-02-07T06:52:22.298Z"}
{"level":"info","message":"Starting migration 1738911154972","timestamp":"2025-02-07T06:52:34.972Z"}
{"level":"error","message":"Migration failed: Cannot read properties of undefined (reading 'toString')","stack":"TypeError: Cannot read properties of undefined (reading 'toString')\n    at C:\\Users\\soham\\OneDrive\\Desktop\\datamigration\\datamigrate\\server\\server.js:461:45\n    at Layer.handle [as handle_request] (C:\\Users\\soham\\OneDrive\\Desktop\\datamigration\\datamigrate\\server\\node_modules\\express\\lib\\router\\layer.js:95:5)\n    at next (C:\\Users\\soham\\OneDrive\\Desktop\\datamigration\\datamigrate\\server\\node_modules\\express\\lib\\router\\route.js:149:13)\n    at done (C:\\Users\\soham\\OneDrive\\Desktop\\datamigration\\datamigrate\\server\\node_modules\\multer\\lib\\make-middleware.js:45:7)\n    at indicateDone (C:\\Users\\soham\\OneDrive\\Desktop\\datamigration\\datamigrate\\server\\node_modules\\multer\\lib\\make-middleware.js:49:68)\n    at C:\\Users\\soham\\OneDrive\\Desktop\\datamigration\\datamigrate\\server\\node_modules\\multer\\lib\\make-middleware.js:155:11\n    at WriteStream.<anonymous> (C:\\Users\\soham\\OneDrive\\Desktop\\datamigration\\datamigrate\\server\\node_modules\\multer\\storage\\disk.js:43:9)\n    at WriteStream.emit (node:events:536:35)\n    at finish (node:internal/streams/writable:955:10)\n    at node:internal/streams/writable:936:13","timestamp":"2025-02-07T06:52:34.973Z"}
{"level":"info","message":"Server running on port 5000","timestamp":"2025-02-07T06:53:37.193Z"}
{"level":"info","message":"Successfully connected to database","timestamp":"2025-02-07T06:53:37.224Z"}
{"level":"info","message":"Successfully connected to database","timestamp":"2025-02-07T06:53:39.627Z"}
{"level":"info","message":"Successfully connected to database","timestamp":"2025-02-07T06:53:39.692Z"}
{"level":"info","message":"Successfully connected to database","timestamp":"2025-02-07T06:53:50.740Z"}
{"level":"info","message":"Successfully connected to database","timestamp":"2025-02-07T06:54:06.049Z"}
{"level":"info","message":"Starting migration 1738911273934","timestamp":"2025-02-07T06:54:33.934Z"}
{"level":"info","mappingsCount":7,"message":"Starting data migration","rowCount":5,"tableName":"Students","timestamp":"2025-02-07T06:54:33.935Z"}
{"level":"info","message":"Successfully connected to database","timestamp":"2025-02-07T06:54:33.936Z"}
{"level":"info","message":"Schema loaded for table Students","timestamp":"2025-02-07T06:54:33.948Z"}
{"level":"info","message":"Validating foreign key constraints...","timestamp":"2025-02-07T06:54:33.949Z"}
{"level":"info","message":"Checking for duplicate keys...","timestamp":"2025-02-07T06:54:33.950Z"}
{"level":"info","message":"Starting batch inserts (1000 records per batch)...","timestamp":"2025-02-07T06:54:33.957Z"}
{"level":"error","message":"Migration failed: Batch insert failed: [Microsoft][ODBC SQL Server Driver]Invalid SQL data type","stack":"Error: Batch insert failed: [Microsoft][ODBC SQL Server Driver]Invalid SQL data type\n    at insertBatch (C:\\Users\\soham\\OneDrive\\Desktop\\datamigration\\datamigrate\\server\\server.js:441:15)\n    at async migrateData (C:\\Users\\soham\\OneDrive\\Desktop\\datamigration\\datamigrate\\server\\server.js:297:13)\n    at async C:\\Users\\soham\\OneDrive\\Desktop\\datamigration\\datamigrate\\server\\server.js:489:23","timestamp":"2025-02-07T06:54:33.992Z"}
{"level":"error","message":"Migration failed: Batch insert failed: [Microsoft][ODBC SQL Server Driver]Invalid SQL data type","stack":"Error: Batch insert failed: [Microsoft][ODBC SQL Server Driver]Invalid SQL data type\n    at insertBatch (C:\\Users\\soham\\OneDrive\\Desktop\\datamigration\\datamigrate\\server\\server.js:441:15)\n    at async migrateData (C:\\Users\\soham\\OneDrive\\Desktop\\datamigration\\datamigrate\\server\\server.js:297:13)\n    at async C:\\Users\\soham\\OneDrive\\Desktop\\datamigration\\datamigrate\\server\\server.js:489:23","timestamp":"2025-02-07T06:54:33.995Z"}
{"level":"info","message":"Server running on port 5000","timestamp":"2025-02-07T06:56:46.934Z"}
{"level":"info","message":"Successfully connected to database","timestamp":"2025-02-07T06:56:46.963Z"}
{"level":"info","message":"Server running on port 5000","timestamp":"2025-02-07T06:57:04.656Z"}
{"level":"info","message":"Successfully connected to database","timestamp":"2025-02-07T06:57:04.684Z"}
{"level":"info","message":"Server running on port 5000","timestamp":"2025-02-07T06:58:05.045Z"}
{"level":"info","message":"Successfully connected to database","timestamp":"2025-02-07T06:58:05.074Z"}
{"level":"info","message":"Successfully connected to database","timestamp":"2025-02-07T06:58:08.699Z"}
{"level":"info","message":"Successfully connected to database","timestamp":"2025-02-07T06:58:08.758Z"}
{"level":"info","message":"Successfully connected to database","timestamp":"2025-02-07T06:58:14.497Z"}
{"level":"info","message":"Starting migration 1738911502159","timestamp":"2025-02-07T06:58:22.159Z"}
{"level":"info","mappingsCount":7,"message":"Starting data migration","rowCount":5,"tableName":"Students","timestamp":"2025-02-07T06:58:22.161Z"}
{"level":"info","message":"Successfully connected to database","timestamp":"2025-02-07T06:58:22.162Z"}
{"level":"info","message":"Schema loaded for table Students","timestamp":"2025-02-07T06:58:22.178Z"}
{"level":"info","message":"Validating foreign key constraints...","timestamp":"2025-02-07T06:58:22.179Z"}
{"level":"info","message":"Checking for duplicate keys...","timestamp":"2025-02-07T06:58:22.179Z"}
{"level":"info","message":"Starting batch inserts (1000 records per batch)...","timestamp":"2025-02-07T06:58:22.183Z"}
{"columnCount":7,"columnTypes":[{"name":"StudentID","type":"int","value":1001},{"name":"FirstName","type":"nvarchar","value":"John"},{"name":"LastName","type":"nvarchar","value":"Doe"},{"name":"DateOfBirth","type":"date","value":"1995-05-14T18:30:00.000Z"},{"name":"Email","type":"nvarchar","value":"john.doe@email.com"},{"name":"PhoneNumber","type":"nvarchar","value":"123-456-7890"},{"name":"GPA","type":"decimal","value":3.75}],"level":"info","message":"Batch insert details:","rowCount":5,"tableName":"Students","timestamp":"2025-02-07T06:58:22.678Z"}
{"level":"error","message":"Migration failed: Batch insert failed: [Microsoft][ODBC SQL Server Driver]Invalid SQL data type","stack":"Error: Batch insert failed: [Microsoft][ODBC SQL Server Driver]Invalid SQL data type\n    at insertBatch (C:\\Users\\soham\\OneDrive\\Desktop\\datamigration\\datamigrate\\server\\server.js:425:15)\n    at async migrateData (C:\\Users\\soham\\OneDrive\\Desktop\\datamigration\\datamigrate\\server\\server.js:297:13)\n    at async C:\\Users\\soham\\OneDrive\\Desktop\\datamigration\\datamigrate\\server\\server.js:473:23","timestamp":"2025-02-07T06:58:22.680Z"}
{"level":"error","message":"Migration failed: Batch insert failed: [Microsoft][ODBC SQL Server Driver]Invalid SQL data type","stack":"Error: Batch insert failed: [Microsoft][ODBC SQL Server Driver]Invalid SQL data type\n    at insertBatch (C:\\Users\\soham\\OneDrive\\Desktop\\datamigration\\datamigrate\\server\\server.js:425:15)\n    at async migrateData (C:\\Users\\soham\\OneDrive\\Desktop\\datamigration\\datamigrate\\server\\server.js:297:13)\n    at async C:\\Users\\soham\\OneDrive\\Desktop\\datamigration\\datamigrate\\server\\server.js:473:23","timestamp":"2025-02-07T06:58:22.682Z"}
{"level":"info","message":"Starting migration 1738911520975","timestamp":"2025-02-07T06:58:40.975Z"}
{"level":"info","mappingsCount":7,"message":"Starting data migration","rowCount":5,"tableName":"Students","timestamp":"2025-02-07T06:58:40.975Z"}
{"level":"error","message":"Database connection attempt 1 failed: The \"config.server\" property is required and must be of type string.","stack":"TypeError: The \"config.server\" property is required and must be of type string.\n    at new Connection (C:\\Users\\soham\\OneDrive\\Desktop\\datamigration\\datamigrate\\server\\node_modules\\tedious\\lib\\connection.js:276:13)\n    at C:\\Users\\soham\\OneDrive\\Desktop\\datamigration\\datamigrate\\server\\node_modules\\mssql\\lib\\tedious\\connection-pool.js:78:19\n    at new Promise (<anonymous>)\n    at ConnectionPool._poolCreate (C:\\Users\\soham\\OneDrive\\Desktop\\datamigration\\datamigrate\\server\\node_modules\\mssql\\lib\\tedious\\connection-pool.js:67:12)\n    at ConnectionPool._connect (C:\\Users\\soham\\OneDrive\\Desktop\\datamigration\\datamigrate\\server\\node_modules\\mssql\\lib\\base\\connection-pool.js:446:10)\n    at C:\\Users\\soham\\OneDrive\\Desktop\\datamigration\\datamigrate\\server\\node_modules\\mssql\\lib\\base\\connection-pool.js:418:19\n    at new Promise (<anonymous>)\n    at ConnectionPool.connect (C:\\Users\\soham\\OneDrive\\Desktop\\datamigration\\datamigrate\\server\\node_modules\\mssql\\lib\\base\\connection-pool.js:417:12)\n    at Object.connect (C:\\Users\\soham\\OneDrive\\Desktop\\datamigration\\datamigrate\\server\\node_modules\\mssql\\lib\\global-connection.js:59:27)\n    at connectToDatabase (C:\\Users\\soham\\OneDrive\\Desktop\\datamigration\\datamigrate\\server\\server.js:111:36)","timestamp":"2025-02-07T06:58:40.978Z"}
{"level":"error","message":"Database connection attempt 2 failed: The \"config.server\" property is required and must be of type string.","stack":"TypeError: The \"config.server\" property is required and must be of type string.\n    at new Connection (C:\\Users\\soham\\OneDrive\\Desktop\\datamigration\\datamigrate\\server\\node_modules\\tedious\\lib\\connection.js:276:13)\n    at C:\\Users\\soham\\OneDrive\\Desktop\\datamigration\\datamigrate\\server\\node_modules\\mssql\\lib\\tedious\\connection-pool.js:78:19\n    at new Promise (<anonymous>)\n    at ConnectionPool._poolCreate (C:\\Users\\soham\\OneDrive\\Desktop\\datamigration\\datamigrate\\server\\node_modules\\mssql\\lib\\tedious\\connection-pool.js:67:12)\n    at ConnectionPool._connect (C:\\Users\\soham\\OneDrive\\Desktop\\datamigration\\datamigrate\\server\\node_modules\\mssql\\lib\\base\\connection-pool.js:446:10)\n    at C:\\Users\\soham\\OneDrive\\Desktop\\datamigration\\datamigrate\\server\\node_modules\\mssql\\lib\\base\\connection-pool.js:418:19\n    at new Promise (<anonymous>)\n    at ConnectionPool.connect (C:\\Users\\soham\\OneDrive\\Desktop\\datamigration\\datamigrate\\server\\node_modules\\mssql\\lib\\base\\connection-pool.js:417:12)\n    at Object.connect (C:\\Users\\soham\\OneDrive\\Desktop\\datamigration\\datamigrate\\server\\node_modules\\mssql\\lib\\global-connection.js:59:27)\n    at connectToDatabase (C:\\Users\\soham\\OneDrive\\Desktop\\datamigration\\datamigrate\\server\\server.js:111:36)","timestamp":"2025-02-07T06:58:45.986Z"}
{"level":"error","message":"Database connection attempt 3 failed: The \"config.server\" property is required and must be of type string.","stack":"TypeError: The \"config.server\" property is required and must be of type string.\n    at new Connection (C:\\Users\\soham\\OneDrive\\Desktop\\datamigration\\datamigrate\\server\\node_modules\\tedious\\lib\\connection.js:276:13)\n    at C:\\Users\\soham\\OneDrive\\Desktop\\datamigration\\datamigrate\\server\\node_modules\\mssql\\lib\\tedious\\connection-pool.js:78:19\n    at new Promise (<anonymous>)\n    at ConnectionPool._poolCreate (C:\\Users\\soham\\OneDrive\\Desktop\\datamigration\\datamigrate\\server\\node_modules\\mssql\\lib\\tedious\\connection-pool.js:67:12)\n    at ConnectionPool._connect (C:\\Users\\soham\\OneDrive\\Desktop\\datamigration\\datamigrate\\server\\node_modules\\mssql\\lib\\base\\connection-pool.js:446:10)\n    at C:\\Users\\soham\\OneDrive\\Desktop\\datamigration\\datamigrate\\server\\node_modules\\mssql\\lib\\base\\connection-pool.js:418:19\n    at new Promise (<anonymous>)\n    at ConnectionPool.connect (C:\\Users\\soham\\OneDrive\\Desktop\\datamigration\\datamigrate\\server\\node_modules\\mssql\\lib\\base\\connection-pool.js:417:12)\n    at Object.connect (C:\\Users\\soham\\OneDrive\\Desktop\\datamigration\\datamigrate\\server\\node_modules\\mssql\\lib\\global-connection.js:59:27)\n    at connectToDatabase (C:\\Users\\soham\\OneDrive\\Desktop\\datamigration\\datamigrate\\server\\server.js:111:36)","timestamp":"2025-02-07T06:58:51.000Z"}
{"level":"error","message":"Database connection attempt 4 failed: The \"config.server\" property is required and must be of type string.","stack":"TypeError: The \"config.server\" property is required and must be of type string.\n    at new Connection (C:\\Users\\soham\\OneDrive\\Desktop\\datamigration\\datamigrate\\server\\node_modules\\tedious\\lib\\connection.js:276:13)\n    at C:\\Users\\soham\\OneDrive\\Desktop\\datamigration\\datamigrate\\server\\node_modules\\mssql\\lib\\tedious\\connection-pool.js:78:19\n    at new Promise (<anonymous>)\n    at ConnectionPool._poolCreate (C:\\Users\\soham\\OneDrive\\Desktop\\datamigration\\datamigrate\\server\\node_modules\\mssql\\lib\\tedious\\connection-pool.js:67:12)\n    at ConnectionPool._connect (C:\\Users\\soham\\OneDrive\\Desktop\\datamigration\\datamigrate\\server\\node_modules\\mssql\\lib\\base\\connection-pool.js:446:10)\n    at C:\\Users\\soham\\OneDrive\\Desktop\\datamigration\\datamigrate\\server\\node_modules\\mssql\\lib\\base\\connection-pool.js:418:19\n    at new Promise (<anonymous>)\n    at ConnectionPool.connect (C:\\Users\\soham\\OneDrive\\Desktop\\datamigration\\datamigrate\\server\\node_modules\\mssql\\lib\\base\\connection-pool.js:417:12)\n    at Object.connect (C:\\Users\\soham\\OneDrive\\Desktop\\datamigration\\datamigrate\\server\\node_modules\\mssql\\lib\\global-connection.js:59:27)\n    at connectToDatabase (C:\\Users\\soham\\OneDrive\\Desktop\\datamigration\\datamigrate\\server\\server.js:111:36)","timestamp":"2025-02-07T06:58:56.013Z"}
{"level":"error","message":"Database connection attempt 5 failed: The \"config.server\" property is required and must be of type string.","stack":"TypeError: The \"config.server\" property is required and must be of type string.\n    at new Connection (C:\\Users\\soham\\OneDrive\\Desktop\\datamigration\\datamigrate\\server\\node_modules\\tedious\\lib\\connection.js:276:13)\n    at C:\\Users\\soham\\OneDrive\\Desktop\\datamigration\\datamigrate\\server\\node_modules\\mssql\\lib\\tedious\\connection-pool.js:78:19\n    at new Promise (<anonymous>)\n    at ConnectionPool._poolCreate (C:\\Users\\soham\\OneDrive\\Desktop\\datamigration\\datamigrate\\server\\node_modules\\mssql\\lib\\tedious\\connection-pool.js:67:12)\n    at ConnectionPool._connect (C:\\Users\\soham\\OneDrive\\Desktop\\datamigration\\datamigrate\\server\\node_modules\\mssql\\lib\\base\\connection-pool.js:446:10)\n    at C:\\Users\\soham\\OneDrive\\Desktop\\datamigration\\datamigrate\\server\\node_modules\\mssql\\lib\\base\\connection-pool.js:418:19\n    at new Promise (<anonymous>)\n    at ConnectionPool.connect (C:\\Users\\soham\\OneDrive\\Desktop\\datamigration\\datamigrate\\server\\node_modules\\mssql\\lib\\base\\connection-pool.js:417:12)\n    at Object.connect (C:\\Users\\soham\\OneDrive\\Desktop\\datamigration\\datamigrate\\server\\node_modules\\mssql\\lib\\global-connection.js:59:27)\n    at connectToDatabase (C:\\Users\\soham\\OneDrive\\Desktop\\datamigration\\datamigrate\\server\\server.js:111:36)","timestamp":"2025-02-07T06:59:01.020Z"}
{"level":"error","message":"Migration failed: The \"config.server\" property is required and must be of type string.","stack":"TypeError: The \"config.server\" property is required and must be of type string.\n    at new Connection (C:\\Users\\soham\\OneDrive\\Desktop\\datamigration\\datamigrate\\server\\node_modules\\tedious\\lib\\connection.js:276:13)\n    at C:\\Users\\soham\\OneDrive\\Desktop\\datamigration\\datamigrate\\server\\node_modules\\mssql\\lib\\tedious\\connection-pool.js:78:19\n    at new Promise (<anonymous>)\n    at ConnectionPool._poolCreate (C:\\Users\\soham\\OneDrive\\Desktop\\datamigration\\datamigrate\\server\\node_modules\\mssql\\lib\\tedious\\connection-pool.js:67:12)\n    at ConnectionPool._connect (C:\\Users\\soham\\OneDrive\\Desktop\\datamigration\\datamigrate\\server\\node_modules\\mssql\\lib\\base\\connection-pool.js:446:10)\n    at C:\\Users\\soham\\OneDrive\\Desktop\\datamigration\\datamigrate\\server\\node_modules\\mssql\\lib\\base\\connection-pool.js:418:19\n    at new Promise (<anonymous>)\n    at ConnectionPool.connect (C:\\Users\\soham\\OneDrive\\Desktop\\datamigration\\datamigrate\\server\\node_modules\\mssql\\lib\\base\\connection-pool.js:417:12)\n    at Object.connect (C:\\Users\\soham\\OneDrive\\Desktop\\datamigration\\datamigrate\\server\\node_modules\\mssql\\lib\\global-connection.js:59:27)\n    at connectToDatabase (C:\\Users\\soham\\OneDrive\\Desktop\\datamigration\\datamigrate\\server\\server.js:111:36)","timestamp":"2025-02-07T06:59:01.021Z"}
{"level":"info","message":"Starting migration 1738911556305","timestamp":"2025-02-07T06:59:16.305Z"}
{"level":"info","mappingsCount":7,"message":"Starting data migration","rowCount":5,"tableName":"Students","timestamp":"2025-02-07T06:59:16.306Z"}
{"level":"error","message":"Database connection attempt 1 failed: The \"config.server\" property is required and must be of type string.","stack":"TypeError: The \"config.server\" property is required and must be of type string.\n    at new Connection (C:\\Users\\soham\\OneDrive\\Desktop\\datamigration\\datamigrate\\server\\node_modules\\tedious\\lib\\connection.js:276:13)\n    at C:\\Users\\soham\\OneDrive\\Desktop\\datamigration\\datamigrate\\server\\node_modules\\mssql\\lib\\tedious\\connection-pool.js:78:19\n    at new Promise (<anonymous>)\n    at ConnectionPool._poolCreate (C:\\Users\\soham\\OneDrive\\Desktop\\datamigration\\datamigrate\\server\\node_modules\\mssql\\lib\\tedious\\connection-pool.js:67:12)\n    at ConnectionPool._connect (C:\\Users\\soham\\OneDrive\\Desktop\\datamigration\\datamigrate\\server\\node_modules\\mssql\\lib\\base\\connection-pool.js:446:10)\n    at C:\\Users\\soham\\OneDrive\\Desktop\\datamigration\\datamigrate\\server\\node_modules\\mssql\\lib\\base\\connection-pool.js:418:19\n    at new Promise (<anonymous>)\n    at ConnectionPool.connect (C:\\Users\\soham\\OneDrive\\Desktop\\datamigration\\datamigrate\\server\\node_modules\\mssql\\lib\\base\\connection-pool.js:417:12)\n    at Object.connect (C:\\Users\\soham\\OneDrive\\Desktop\\datamigration\\datamigrate\\server\\node_modules\\mssql\\lib\\global-connection.js:59:27)\n    at connectToDatabase (C:\\Users\\soham\\OneDrive\\Desktop\\datamigration\\datamigrate\\server\\server.js:111:36)","timestamp":"2025-02-07T06:59:16.306Z"}
{"level":"error","message":"Database connection attempt 2 failed: The \"config.server\" property is required and must be of type string.","stack":"TypeError: The \"config.server\" property is required and must be of type string.\n    at new Connection (C:\\Users\\soham\\OneDrive\\Desktop\\datamigration\\datamigrate\\server\\node_modules\\tedious\\lib\\connection.js:276:13)\n    at C:\\Users\\soham\\OneDrive\\Desktop\\datamigration\\datamigrate\\server\\node_modules\\mssql\\lib\\tedious\\connection-pool.js:78:19\n    at new Promise (<anonymous>)\n    at ConnectionPool._poolCreate (C:\\Users\\soham\\OneDrive\\Desktop\\datamigration\\datamigrate\\server\\node_modules\\mssql\\lib\\tedious\\connection-pool.js:67:12)\n    at ConnectionPool._connect (C:\\Users\\soham\\OneDrive\\Desktop\\datamigration\\datamigrate\\server\\node_modules\\mssql\\lib\\base\\connection-pool.js:446:10)\n    at C:\\Users\\soham\\OneDrive\\Desktop\\datamigration\\datamigrate\\server\\node_modules\\mssql\\lib\\base\\connection-pool.js:418:19\n    at new Promise (<anonymous>)\n    at ConnectionPool.connect (C:\\Users\\soham\\OneDrive\\Desktop\\datamigration\\datamigrate\\server\\node_modules\\mssql\\lib\\base\\connection-pool.js:417:12)\n    at Object.connect (C:\\Users\\soham\\OneDrive\\Desktop\\datamigration\\datamigrate\\server\\node_modules\\mssql\\lib\\global-connection.js:59:27)\n    at connectToDatabase (C:\\Users\\soham\\OneDrive\\Desktop\\datamigration\\datamigrate\\server\\server.js:111:36)","timestamp":"2025-02-07T06:59:21.309Z"}
{"level":"error","message":"Database connection attempt 3 failed: The \"config.server\" property is required and must be of type string.","stack":"TypeError: The \"config.server\" property is required and must be of type string.\n    at new Connection (C:\\Users\\soham\\OneDrive\\Desktop\\datamigration\\datamigrate\\server\\node_modules\\tedious\\lib\\connection.js:276:13)\n    at C:\\Users\\soham\\OneDrive\\Desktop\\datamigration\\datamigrate\\server\\node_modules\\mssql\\lib\\tedious\\connection-pool.js:78:19\n    at new Promise (<anonymous>)\n    at ConnectionPool._poolCreate (C:\\Users\\soham\\OneDrive\\Desktop\\datamigration\\datamigrate\\server\\node_modules\\mssql\\lib\\tedious\\connection-pool.js:67:12)\n    at ConnectionPool._connect (C:\\Users\\soham\\OneDrive\\Desktop\\datamigration\\datamigrate\\server\\node_modules\\mssql\\lib\\base\\connection-pool.js:446:10)\n    at C:\\Users\\soham\\OneDrive\\Desktop\\datamigration\\datamigrate\\server\\node_modules\\mssql\\lib\\base\\connection-pool.js:418:19\n    at new Promise (<anonymous>)\n    at ConnectionPool.connect (C:\\Users\\soham\\OneDrive\\Desktop\\datamigration\\datamigrate\\server\\node_modules\\mssql\\lib\\base\\connection-pool.js:417:12)\n    at Object.connect (C:\\Users\\soham\\OneDrive\\Desktop\\datamigration\\datamigrate\\server\\node_modules\\mssql\\lib\\global-connection.js:59:27)\n    at connectToDatabase (C:\\Users\\soham\\OneDrive\\Desktop\\datamigration\\datamigrate\\server\\server.js:111:36)","timestamp":"2025-02-07T06:59:26.317Z"}
{"level":"error","message":"Database connection attempt 4 failed: The \"config.server\" property is required and must be of type string.","stack":"TypeError: The \"config.server\" property is required and must be of type string.\n    at new Connection (C:\\Users\\soham\\OneDrive\\Desktop\\datamigration\\datamigrate\\server\\node_modules\\tedious\\lib\\connection.js:276:13)\n    at C:\\Users\\soham\\OneDrive\\Desktop\\datamigration\\datamigrate\\server\\node_modules\\mssql\\lib\\tedious\\connection-pool.js:78:19\n    at new Promise (<anonymous>)\n    at ConnectionPool._poolCreate (C:\\Users\\soham\\OneDrive\\Desktop\\datamigration\\datamigrate\\server\\node_modules\\mssql\\lib\\tedious\\connection-pool.js:67:12)\n    at ConnectionPool._connect (C:\\Users\\soham\\OneDrive\\Desktop\\datamigration\\datamigrate\\server\\node_modules\\mssql\\lib\\base\\connection-pool.js:446:10)\n    at C:\\Users\\soham\\OneDrive\\Desktop\\datamigration\\datamigrate\\server\\node_modules\\mssql\\lib\\base\\connection-pool.js:418:19\n    at new Promise (<anonymous>)\n    at ConnectionPool.connect (C:\\Users\\soham\\OneDrive\\Desktop\\datamigration\\datamigrate\\server\\node_modules\\mssql\\lib\\base\\connection-pool.js:417:12)\n    at Object.connect (C:\\Users\\soham\\OneDrive\\Desktop\\datamigration\\datamigrate\\server\\node_modules\\mssql\\lib\\global-connection.js:59:27)\n    at connectToDatabase (C:\\Users\\soham\\OneDrive\\Desktop\\datamigration\\datamigrate\\server\\server.js:111:36)","timestamp":"2025-02-07T06:59:31.329Z"}
{"level":"error","message":"Database connection attempt 5 failed: The \"config.server\" property is required and must be of type string.","stack":"TypeError: The \"config.server\" property is required and must be of type string.\n    at new Connection (C:\\Users\\soham\\OneDrive\\Desktop\\datamigration\\datamigrate\\server\\node_modules\\tedious\\lib\\connection.js:276:13)\n    at C:\\Users\\soham\\OneDrive\\Desktop\\datamigration\\datamigrate\\server\\node_modules\\mssql\\lib\\tedious\\connection-pool.js:78:19\n    at new Promise (<anonymous>)\n    at ConnectionPool._poolCreate (C:\\Users\\soham\\OneDrive\\Desktop\\datamigration\\datamigrate\\server\\node_modules\\mssql\\lib\\tedious\\connection-pool.js:67:12)\n    at ConnectionPool._connect (C:\\Users\\soham\\OneDrive\\Desktop\\datamigration\\datamigrate\\server\\node_modules\\mssql\\lib\\base\\connection-pool.js:446:10)\n    at C:\\Users\\soham\\OneDrive\\Desktop\\datamigration\\datamigrate\\server\\node_modules\\mssql\\lib\\base\\connection-pool.js:418:19\n    at new Promise (<anonymous>)\n    at ConnectionPool.connect (C:\\Users\\soham\\OneDrive\\Desktop\\datamigration\\datamigrate\\server\\node_modules\\mssql\\lib\\base\\connection-pool.js:417:12)\n    at Object.connect (C:\\Users\\soham\\OneDrive\\Desktop\\datamigration\\datamigrate\\server\\node_modules\\mssql\\lib\\global-connection.js:59:27)\n    at connectToDatabase (C:\\Users\\soham\\OneDrive\\Desktop\\datamigration\\datamigrate\\server\\server.js:111:36)","timestamp":"2025-02-07T06:59:36.342Z"}
{"level":"error","message":"Migration failed: The \"config.server\" property is required and must be of type string.","stack":"TypeError: The \"config.server\" property is required and must be of type string.\n    at new Connection (C:\\Users\\soham\\OneDrive\\Desktop\\datamigration\\datamigrate\\server\\node_modules\\tedious\\lib\\connection.js:276:13)\n    at C:\\Users\\soham\\OneDrive\\Desktop\\datamigration\\datamigrate\\server\\node_modules\\mssql\\lib\\tedious\\connection-pool.js:78:19\n    at new Promise (<anonymous>)\n    at ConnectionPool._poolCreate (C:\\Users\\soham\\OneDrive\\Desktop\\datamigration\\datamigrate\\server\\node_modules\\mssql\\lib\\tedious\\connection-pool.js:67:12)\n    at ConnectionPool._connect (C:\\Users\\soham\\OneDrive\\Desktop\\datamigration\\datamigrate\\server\\node_modules\\mssql\\lib\\base\\connection-pool.js:446:10)\n    at C:\\Users\\soham\\OneDrive\\Desktop\\datamigration\\datamigrate\\server\\node_modules\\mssql\\lib\\base\\connection-pool.js:418:19\n    at new Promise (<anonymous>)\n    at ConnectionPool.connect (C:\\Users\\soham\\OneDrive\\Desktop\\datamigration\\datamigrate\\server\\node_modules\\mssql\\lib\\base\\connection-pool.js:417:12)\n    at Object.connect (C:\\Users\\soham\\OneDrive\\Desktop\\datamigration\\datamigrate\\server\\node_modules\\mssql\\lib\\global-connection.js:59:27)\n    at connectToDatabase (C:\\Users\\soham\\OneDrive\\Desktop\\datamigration\\datamigrate\\server\\server.js:111:36)","timestamp":"2025-02-07T06:59:36.343Z"}
{"level":"info","message":"Server running on port 5000","timestamp":"2025-02-07T07:00:44.996Z"}
{"level":"error","message":"Database connection attempt 1 failed: config is not defined","stack":"ReferenceError: config is not defined\n    at connectToDatabase (C:\\Users\\soham\\OneDrive\\Desktop\\datamigration\\datamigrate\\server\\server.js:98:44)\n    at Server.<anonymous> (C:\\Users\\soham\\OneDrive\\Desktop\\datamigration\\datamigrate\\server\\server.js:1157:5)\n    at Object.onceWrapper (node:events:638:28)\n    at Server.emit (node:events:536:35)\n    at emitListeningNT (node:net:1980:10)\n    at process.processTicksAndRejections (node:internal/process/task_queues:89:21)","timestamp":"2025-02-07T07:00:44.998Z"}
{"level":"info","message":"Server running on port 5000","timestamp":"2025-02-07T07:00:50.297Z"}
{"level":"info","message":"Successfully connected to database","timestamp":"2025-02-07T07:00:50.325Z"}
{"level":"info","message":"Server running on port 5000","timestamp":"2025-02-07T07:02:07.430Z"}
{"level":"error","message":"Database connection attempt 1 failed: [Microsoft][ODBC Driver Manager] Data source name not found and no default driver specified","name":"ConnectionError","originalError":{"code":0,"lineNumber":0,"procName":"","serverName":"","severity":0,"sqlstate":"IM002"},"stack":"ConnectionError: [Microsoft][ODBC Driver Manager] Data source name not found and no default driver specified\n    at PrivateConnection.callback2 (C:\\Users\\soham\\OneDrive\\Desktop\\datamigration\\datamigrate\\server\\node_modules\\mssql\\lib\\msnodesqlv8\\connection-pool.js:46:17)\n    at Immediate.<anonymous> (C:\\Users\\soham\\OneDrive\\Desktop\\datamigration\\datamigrate\\server\\node_modules\\msnodesqlv8\\lib\\connection.js:41:14)\n    at process.processImmediate (node:internal/timers:491:21)","timestamp":"2025-02-07T07:02:07.436Z"}
{"level":"error","message":"Database connection attempt 2 failed: [Microsoft][ODBC Driver Manager] Data source name not found and no default driver specified","name":"ConnectionError","originalError":{"code":0,"lineNumber":0,"procName":"","serverName":"","severity":0,"sqlstate":"IM002"},"stack":"ConnectionError: [Microsoft][ODBC Driver Manager] Data source name not found and no default driver specified\n    at PrivateConnection.callback2 (C:\\Users\\soham\\OneDrive\\Desktop\\datamigration\\datamigrate\\server\\node_modules\\mssql\\lib\\msnodesqlv8\\connection-pool.js:46:17)\n    at Immediate.<anonymous> (C:\\Users\\soham\\OneDrive\\Desktop\\datamigration\\datamigrate\\server\\node_modules\\msnodesqlv8\\lib\\connection.js:41:14)\n    at process.processImmediate (node:internal/timers:491:21)","timestamp":"2025-02-07T07:02:12.452Z"}
{"level":"error","message":"Database connection attempt 3 failed: [Microsoft][ODBC Driver Manager] Data source name not found and no default driver specified","name":"ConnectionError","originalError":{"code":0,"lineNumber":0,"procName":"","serverName":"","severity":0,"sqlstate":"IM002"},"stack":"ConnectionError: [Microsoft][ODBC Driver Manager] Data source name not found and no default driver specified\n    at PrivateConnection.callback2 (C:\\Users\\soham\\OneDrive\\Desktop\\datamigration\\datamigrate\\server\\node_modules\\mssql\\lib\\msnodesqlv8\\connection-pool.js:46:17)\n    at Immediate.<anonymous> (C:\\Users\\soham\\OneDrive\\Desktop\\datamigration\\datamigrate\\server\\node_modules\\msnodesqlv8\\lib\\connection.js:41:14)\n    at process.processImmediate (node:internal/timers:491:21)","timestamp":"2025-02-07T07:02:17.471Z"}
{"level":"error","message":"Database connection attempt 4 failed: [Microsoft][ODBC Driver Manager] Data source name not found and no default driver specified","name":"ConnectionError","originalError":{"code":0,"lineNumber":0,"procName":"","serverName":"","severity":0,"sqlstate":"IM002"},"stack":"ConnectionError: [Microsoft][ODBC Driver Manager] Data source name not found and no default driver specified\n    at PrivateConnection.callback2 (C:\\Users\\soham\\OneDrive\\Desktop\\datamigration\\datamigrate\\server\\node_modules\\mssql\\lib\\msnodesqlv8\\connection-pool.js:46:17)\n    at Immediate.<anonymous> (C:\\Users\\soham\\OneDrive\\Desktop\\datamigration\\datamigrate\\server\\node_modules\\msnodesqlv8\\lib\\connection.js:41:14)\n    at process.processImmediate (node:internal/timers:491:21)","timestamp":"2025-02-07T07:02:22.487Z"}
{"level":"error","message":"Database connection attempt 5 failed: [Microsoft][ODBC Driver Manager] Data source name not found and no default driver specified","name":"ConnectionError","originalError":{"code":0,"lineNumber":0,"procName":"","serverName":"","severity":0,"sqlstate":"IM002"},"stack":"ConnectionError: [Microsoft][ODBC Driver Manager] Data source name not found and no default driver specified\n    at PrivateConnection.callback2 (C:\\Users\\soham\\OneDrive\\Desktop\\datamigration\\datamigrate\\server\\node_modules\\mssql\\lib\\msnodesqlv8\\connection-pool.js:46:17)\n    at Immediate.<anonymous> (C:\\Users\\soham\\OneDrive\\Desktop\\datamigration\\datamigrate\\server\\node_modules\\msnodesqlv8\\lib\\connection.js:41:14)\n    at process.processImmediate (node:internal/timers:491:21)","timestamp":"2025-02-07T07:02:27.496Z"}
